Reading file ...
Nodes lists ...
Build a bipartite graph ...
Calculate Global properties for projected graph icd


Nodes Number : 7252


Edges Number : 6188810


Calculating density ...


Density Largest Component: 0.23780494576169653


Density projected graph: 0.23538644231356567


Calculating mean degree ...


Average degree: 1706.7870932156648


Calculating mean clustering ...


Average: 0.723967160637417


Calculating mean shortest path lenght ...


Average Shortest Path Length 1.8443186491874097


Calculating max value diameter ...


Diameter: 5.0


Calculating assortativity ...
Assortativity: 0.21721263818756562


Calculating Betweenness Centrality


