Reading file ...
Nodes lists ...
Build a bipartite graph ...
Calculate Global properties for projected graph atc


Nodes Number : 2729


Edges Number : 454164


Calculating density ...


Density Largest Component: 0.12381535807388577


Density projected graph: 0.12200982388573259


Calculating mean degree ...


Average degree: 332.8427995602785


Calculating mean clustering ...


Average: 0.7348206764018498


Calculating mean shortest path lenght ...


Average Shortest Path Length 1.9905989093742875


Calculating max value diameter ...


Diameter: 5.0


Calculating assortativity ...
Assortativity: -0.03535061335871335


Calculating Betweenness Centrality


Betweenness: 0.00036621440262043527
