Reading file ...
Building a bipartite graph ...
Getting largest component ...
Creating new graph by given threshold ... 1
Creating new graph by given threshold ... 2
Creating new graph by given threshold ... 3
Creating new graph by given threshold ... 4
Creating new graph by given threshold ... 5
Creating new graph by given threshold ... 6
Creating new graph by given threshold ... 7
Creating new graph by given threshold ... 8
Creating new graph by given threshold ... 9
Creating new graph by given threshold ... 10
Creating new graph by given threshold ... 11
Creating new graph by given threshold ... 12
Creating new graph by given threshold ... 13
Creating new graph by given threshold ... 14
Creating new graph by given threshold ... 15
Creating new graph by given threshold ... 16
Creating new graph by given threshold ... 17
Creating new graph by given threshold ... 18
Creating new graph by given threshold ... 19
Creating new graph by given threshold ... 20
Creating new graph by given threshold ... 21
Creating new graph by given threshold ... 22
Creating new graph by given threshold ... 23
Creating new graph by given threshold ... 24
Creating new graph by given threshold ... 25
Creating new graph by given threshold ... 26
Creating new graph by given threshold ... 27
Creating new graph by given threshold ... 28
Creating new graph by given threshold ... 30
Creating new graph by given threshold ... 29
Creating new graph by given threshold ... 31
Creating new graph by given threshold ... 32
Creating new graph by given threshold ... 33
Creating new graph by given threshold ... 34
Creating new graph by given threshold ... 35
Creating new graph by given threshold ... 36
Creating new graph by given threshold ... 37
Creating new graph by given threshold ... 38
Creating new graph by given threshold ... 39
Creating new graph by given threshold ... 40
Saving values for the given threshold ...33
Saving values for the given threshold ...35
Saving values for the given threshold ...34
Creating new graph by given threshold ... 41
Creating new graph by given threshold ... 42
Creating new graph by given threshold ... 43
Saving values for the given threshold ...27
Saving values for the given threshold ...36
Saving values for the given threshold ...39
Saving values for the given threshold ...37
Saving values for the given threshold ...40
Saving values for the given threshold ...24
Creating new graph by given threshold ... 44
Creating new graph by given threshold ... 45
Creating new graph by given threshold ... 46
Creating new graph by given threshold ... 47
Creating new graph by given threshold ... 48
Saving values for the given threshold ...31
Saving values for the given threshold ...32
Saving values for the given threshold ...21
Creating new graph by given threshold ... 49
Creating new graph by given threshold ... 50
Creating new graph by given threshold ... 51
Saving values for the given threshold ...30
Saving values for the given threshold ...13
Saving values for the given threshold ...29
Saving values for the given threshold ...25
Saving values for the given threshold ...38
Creating new graph by given threshold ... 52
Saving values for the given threshold ...17
Saving values for the given threshold ...28
Saving values for the given threshold ...18
Creating new graph by given threshold ... 53
Creating new graph by given threshold ... 54
Creating new graph by given threshold ... 55
Creating new graph by given threshold ... 56
Saving values for the given threshold ...22
Saving values for the given threshold ...26
Creating new graph by given threshold ... 57
Creating new graph by given threshold ... 58
Saving values for the given threshold ...19
Saving values for the given threshold ...23
Creating new graph by given threshold ... 59
Creating new graph by given threshold ... 60
Saving values for the given threshold ...15
Saving values for the given threshold ...10
Saving values for the given threshold ...12
Creating new graph by given threshold ... 61
Creating new graph by given threshold ... 62
Creating new graph by given threshold ... 63
Saving values for the given threshold ...16
Creating new graph by given threshold ... 64
Saving values for the given threshold ...9
Creating new graph by given threshold ... 65
Saving values for the given threshold ...20
Saving values for the given threshold ...7
Creating new graph by given threshold ... 66
Creating new graph by given threshold ... 67
Saving values for the given threshold ...14
Saving values for the given threshold ...11
Creating new graph by given threshold ... 68
Saving values for the given threshold ...5
Saving values for the given threshold ...8
Saving values for the given threshold ...6
Creating new graph by given threshold ... 69
Creating new graph by given threshold ... 70
Creating new graph by given threshold ... 71
Saving values for the given threshold ...4
Creating new graph by given threshold ... 72
Creating new graph by given threshold ... 73
Creating new graph by given threshold ... 74
Saving values for the given threshold ...3
Saving values for the given threshold ...1
Saving values for the given threshold ...2
Creating new graph by given threshold ... 75
Creating new graph by given threshold ... 76
Creating new graph by given threshold ... 77
Creating new graph by given threshold ... 78
Creating new graph by given threshold ... 79
Creating new graph by given threshold ... 80
Saving values for the given threshold ...42
Creating new graph by given threshold ... 81
Saving values for the given threshold ...43
Saving values for the given threshold ...41
Saving values for the given threshold ...47
Creating new graph by given threshold ... 82
Creating new graph by given threshold ... 83
Creating new graph by given threshold ... 84
Saving values for the given threshold ...48
Creating new graph by given threshold ... 85
Saving values for the given threshold ...46
Saving values for the given threshold ...50
Creating new graph by given threshold ... 86
Creating new graph by given threshold ... 87
Saving values for the given threshold ...55
Creating new graph by given threshold ... 88
Saving values for the given threshold ...45
Creating new graph by given threshold ... 89
Saving values for the given threshold ...62
Saving values for the given threshold ...44
Creating new graph by given threshold ... 90
Creating new graph by given threshold ... 91
Saving values for the given threshold ...49
Creating new graph by given threshold ... 92
Saving values for the given threshold ...52
Creating new graph by given threshold ... 94
Saving values for the given threshold ...63
Creating new graph by given threshold ... 95
Saving values for the given threshold ...59
Creating new graph by given threshold ... 96
Saving values for the given threshold ...51
Creating new graph by given threshold ... 97
Saving values for the given threshold ...53
Creating new graph by given threshold ... 98
Saving values for the given threshold ...57
Creating new graph by given threshold ... 99
Saving values for the given threshold ...64
Creating new graph by given threshold ... 100
Saving values for the given threshold ...54
Creating new graph by given threshold ... 101
Saving values for the given threshold ...56
Creating new graph by given threshold ... 102
Saving values for the given threshold ...61
Creating new graph by given threshold ... 103
Saving values for the given threshold ...71
Creating new graph by given threshold ... 104
Saving values for the given threshold ...60
Creating new graph by given threshold ... 105
Saving values for the given threshold ...70
Creating new graph by given threshold ... 106
Saving values for the given threshold ...65
Saving values for the given threshold ...58
Creating new graph by given threshold ... 107
Creating new graph by given threshold ... 108
Saving values for the given threshold ...66
Creating new graph by given threshold ... 109
Saving values for the given threshold ...69
Creating new graph by given threshold ... 110
Saving values for the given threshold ...67
Creating new graph by given threshold ... 112
Saving values for the given threshold ...74
Creating new graph by given threshold ... 113
Saving values for the given threshold ...72
Creating new graph by given threshold ... 114
Saving values for the given threshold ...73
Saving values for the given threshold ...68
Creating new graph by given threshold ... 115
Creating new graph by given threshold ... 117
Saving values for the given threshold ...76
Creating new graph by given threshold ... 119
Saving values for the given threshold ...75
Creating new graph by given threshold ... 120
Saving values for the given threshold ...78
Creating new graph by given threshold ... 121
Saving values for the given threshold ...77
Creating new graph by given threshold ... 122
Saving values for the given threshold ...79
Creating new graph by given threshold ... 123
Saving values for the given threshold ...80
Creating new graph by given threshold ... 125
Saving values for the given threshold ...85
Creating new graph by given threshold ... 126
Saving values for the given threshold ...88
Creating new graph by given threshold ... 127
Saving values for the given threshold ...89
Creating new graph by given threshold ... 128
Saving values for the given threshold ...83
Creating new graph by given threshold ... 129
Saving values for the given threshold ...82
Creating new graph by given threshold ... 130
Saving values for the given threshold ...81
Creating new graph by given threshold ... 131
Saving values for the given threshold ...86
Creating new graph by given threshold ... 132
Saving values for the given threshold ...84
Creating new graph by given threshold ... 133
Saving values for the given threshold ...87
Creating new graph by given threshold ... 134
Saving values for the given threshold ...90
Creating new graph by given threshold ... 135
Saving values for the given threshold ...91
Creating new graph by given threshold ... 136
Saving values for the given threshold ...94
Creating new graph by given threshold ... 139
Saving values for the given threshold ...95
Creating new graph by given threshold ... 141
Saving values for the given threshold ...96
Creating new graph by given threshold ... 142
Saving values for the given threshold ...97
Creating new graph by given threshold ... 143
Saving values for the given threshold ...92
Creating new graph by given threshold ... 144
Saving values for the given threshold ...98
Creating new graph by given threshold ... 145
Saving values for the given threshold ...99
Creating new graph by given threshold ... 146
Saving values for the given threshold ...102
Creating new graph by given threshold ... 147
Saving values for the given threshold ...103
Creating new graph by given threshold ... 148
Saving values for the given threshold ...100
Creating new graph by given threshold ... 149
Saving values for the given threshold ...101
Creating new graph by given threshold ... 150
Saving values for the given threshold ...105
Creating new graph by given threshold ... 151
Saving values for the given threshold ...104
Creating new graph by given threshold ... 152
Saving values for the given threshold ...110
Creating new graph by given threshold ... 153
Saving values for the given threshold ...113
Creating new graph by given threshold ... 154
Saving values for the given threshold ...108
Creating new graph by given threshold ... 157
Saving values for the given threshold ...107
Creating new graph by given threshold ... 158
Saving values for the given threshold ...106
Saving values for the given threshold ...112
Creating new graph by given threshold ... 159
Creating new graph by given threshold ... 161
Saving values for the given threshold ...109
Creating new graph by given threshold ... 162
Saving values for the given threshold ...114
Creating new graph by given threshold ... 163
Saving values for the given threshold ...115
Creating new graph by given threshold ... 164
Saving values for the given threshold ...119
Creating new graph by given threshold ... 165
Saving values for the given threshold ...117
Creating new graph by given threshold ... 167
Saving values for the given threshold ...121
Creating new graph by given threshold ... 170
Saving values for the given threshold ...120
Creating new graph by given threshold ... 174
Saving values for the given threshold ...122
Creating new graph by given threshold ... 175
Saving values for the given threshold ...125
Creating new graph by given threshold ... 177
Saving values for the given threshold ...123
Creating new graph by given threshold ... 183
Saving values for the given threshold ...126
Creating new graph by given threshold ... 185
Saving values for the given threshold ...127
Creating new graph by given threshold ... 186
Saving values for the given threshold ...128
Creating new graph by given threshold ... 187
Saving values for the given threshold ...129
Creating new graph by given threshold ... 189
Saving values for the given threshold ...131
Creating new graph by given threshold ... 194
Saving values for the given threshold ...132
Creating new graph by given threshold ... 196
Saving values for the given threshold ...130
Creating new graph by given threshold ... 199
Saving values for the given threshold ...133
Creating new graph by given threshold ... 203
Saving values for the given threshold ...134
Creating new graph by given threshold ... 204
Saving values for the given threshold ...135
Creating new graph by given threshold ... 205
Saving values for the given threshold ...144
Creating new graph by given threshold ... 211
Saving values for the given threshold ...141
Creating new graph by given threshold ... 257
Saving values for the given threshold ...139
Creating new graph by given threshold ... 417
Saving values for the given threshold ...143
Saving values for the given threshold ...142
Saving values for the given threshold ...136
Saving values for the given threshold ...150
Saving values for the given threshold ...147
Saving values for the given threshold ...148
Saving values for the given threshold ...145
Saving values for the given threshold ...146
Saving values for the given threshold ...151
Saving values for the given threshold ...159
Saving values for the given threshold ...149
Saving values for the given threshold ...152
Saving values for the given threshold ...154
Saving values for the given threshold ...161
Saving values for the given threshold ...153
Saving values for the given threshold ...158
Saving values for the given threshold ...164
Saving values for the given threshold ...165
Saving values for the given threshold ...157
Saving values for the given threshold ...170
Saving values for the given threshold ...163
Saving values for the given threshold ...162
Saving values for the given threshold ...174
Saving values for the given threshold ...167
Saving values for the given threshold ...175
Saving values for the given threshold ...177
Saving values for the given threshold ...183
Saving values for the given threshold ...185
Saving values for the given threshold ...186
Saving values for the given threshold ...187
Saving values for the given threshold ...194
Saving values for the given threshold ...189
Saving values for the given threshold ...204
Saving values for the given threshold ...203
Saving values for the given threshold ...199
Saving values for the given threshold ...196
Saving values for the given threshold ...205
Saving values for the given threshold ...211
Complete
total time (s)= 22471.831773281097
