Reading file ...
Building a bipartite graph ...
Getting largest component ...
Creating new graph by given threshold ... 1
Creating new graph by given threshold ... 2
Creating new graph by given threshold ... 3
Creating new graph by given threshold ... 4
Creating new graph by given threshold ... 5
Creating new graph by given threshold ... 6
Creating new graph by given threshold ... 7
Creating new graph by given threshold ... 8
Creating new graph by given threshold ... 9
Creating new graph by given threshold ... 10
Creating new graph by given threshold ... 11
Creating new graph by given threshold ... 13
Creating new graph by given threshold ... 12
Creating new graph by given threshold ... 14
Creating new graph by given threshold ... 15
Creating new graph by given threshold ... 16
Creating new graph by given threshold ... 17
Creating new graph by given threshold ... 18
Creating new graph by given threshold ... 19
Creating new graph by given threshold ... 20
Creating new graph by given threshold ... 21
Creating new graph by given threshold ... 22
Creating new graph by given threshold ... 23
Creating new graph by given threshold ... 24
Creating new graph by given threshold ... 25
Creating new graph by given threshold ... 26
Creating new graph by given threshold ... 27
Creating new graph by given threshold ... 28
Creating new graph by given threshold ... 29
Creating new graph by given threshold ... 30
Creating new graph by given threshold ... 31
Creating new graph by given threshold ... 32
Creating new graph by given threshold ... 33
Creating new graph by given threshold ... 34
Creating new graph by given threshold ... 35
Creating new graph by given threshold ... 36
Creating new graph by given threshold ... 37
Creating new graph by given threshold ... 38
Creating new graph by given threshold ... 39
Creating new graph by given threshold ... 40
Saving values for the given threshold ...40
Creating new graph by given threshold ... 41
Saving values for the given threshold ...39
Creating new graph by given threshold ... 42
Saving values for the given threshold ...38
Creating new graph by given threshold ... 43
Saving values for the given threshold ...35
Saving values for the given threshold ...37
Creating new graph by given threshold ... 44
Creating new graph by given threshold ... 45
Saving values for the given threshold ...36
Creating new graph by given threshold ... 46
Saving values for the given threshold ...34
Creating new graph by given threshold ... 47
Saving values for the given threshold ...31
Saving values for the given threshold ...19
Creating new graph by given threshold ... 48
Saving values for the given threshold ...29
Creating new graph by given threshold ... 49
Creating new graph by given threshold ... 50
Saving values for the given threshold ...33
Creating new graph by given threshold ... 51
Saving values for the given threshold ...32
Saving values for the given threshold ...30
Saving values for the given threshold ...12
Creating new graph by given threshold ... 52
Creating new graph by given threshold ... 53
Saving values for the given threshold ...28
Creating new graph by given threshold ... 54
Saving values for the given threshold ...27
Saving values for the given threshold ...25
Creating new graph by given threshold ... 55
Saving values for the given threshold ...22
Creating new graph by given threshold ... 56
Creating new graph by given threshold ... 57
Saving values for the given threshold ...26
Creating new graph by given threshold ... 58
Saving values for the given threshold ...24
Saving values for the given threshold ...17
Saving values for the given threshold ...15
Creating new graph by given threshold ... 59
Saving values for the given threshold ...23
Creating new graph by given threshold ... 60
Saving values for the given threshold ...6
Creating new graph by given threshold ... 61
Creating new graph by given threshold ... 62
Creating new graph by given threshold ... 63
Saving values for the given threshold ...11
Saving values for the given threshold ...14
Saving values for the given threshold ...21
Saving values for the given threshold ...10
Saving values for the given threshold ...16
Saving values for the given threshold ...9
Creating new graph by given threshold ... 64
Creating new graph by given threshold ... 65
Creating new graph by given threshold ... 66
Creating new graph by given threshold ... 67
Creating new graph by given threshold ... 68
Saving values for the given threshold ...2
Creating new graph by given threshold ... 69
Saving values for the given threshold ...20
Saving values for the given threshold ...7
Creating new graph by given threshold ... 70
Creating new graph by given threshold ... 71
Creating new graph by given threshold ... 72
Saving values for the given threshold ...5
Saving values for the given threshold ...13
Creating new graph by given threshold ... 73
Saving values for the given threshold ...8
Saving values for the given threshold ...1
Saving values for the given threshold ...3
Creating new graph by given threshold ... 74
Creating new graph by given threshold ... 75
Creating new graph by given threshold ... 76
Saving values for the given threshold ...4
Creating new graph by given threshold ... 77
Saving values for the given threshold ...18
Creating new graph by given threshold ... 78
Creating new graph by given threshold ... 79
Creating new graph by given threshold ... 80
Saving values for the given threshold ...41
Creating new graph by given threshold ... 81
Saving values for the given threshold ...44
Creating new graph by given threshold ... 82
Saving values for the given threshold ...42
Creating new graph by given threshold ... 83
Saving values for the given threshold ...43
Creating new graph by given threshold ... 84
Saving values for the given threshold ...50
Creating new graph by given threshold ... 85
Saving values for the given threshold ...59
Creating new graph by given threshold ... 86
Saving values for the given threshold ...56
Creating new graph by given threshold ... 87
Saving values for the given threshold ...45
Creating new graph by given threshold ... 88
Saving values for the given threshold ...57
Creating new graph by given threshold ... 89
Saving values for the given threshold ...68
Creating new graph by given threshold ... 90
Saving values for the given threshold ...66
Creating new graph by given threshold ... 91
Saving values for the given threshold ...70
Creating new graph by given threshold ... 92
Saving values for the given threshold ...46
Saving values for the given threshold ...47
Creating new graph by given threshold ... 93
Creating new graph by given threshold ... 94
Saving values for the given threshold ...77
Creating new graph by given threshold ... 95
Saving values for the given threshold ...48
Creating new graph by given threshold ... 96
Saving values for the given threshold ...51
Creating new graph by given threshold ... 97
Saving values for the given threshold ...53
Creating new graph by given threshold ... 98
Saving values for the given threshold ...54
Creating new graph by given threshold ... 99
Saving values for the given threshold ...71
Creating new graph by given threshold ... 100
Saving values for the given threshold ...49
Saving values for the given threshold ...65
Creating new graph by given threshold ... 101
Saving values for the given threshold ...61
Creating new graph by given threshold ... 102
Saving values for the given threshold ...52
Creating new graph by given threshold ... 103
Creating new graph by given threshold ... 104
Saving values for the given threshold ...55
Creating new graph by given threshold ... 105
Saving values for the given threshold ...67
Creating new graph by given threshold ... 106
Saving values for the given threshold ...78
Creating new graph by given threshold ... 108
Saving values for the given threshold ...64
Creating new graph by given threshold ... 109
Saving values for the given threshold ...63
Saving values for the given threshold ...69
Creating new graph by given threshold ... 110
Creating new graph by given threshold ... 111
Saving values for the given threshold ...60
Saving values for the given threshold ...58
Creating new graph by given threshold ... 112
Creating new graph by given threshold ... 113
Saving values for the given threshold ...62
Creating new graph by given threshold ... 114
Saving values for the given threshold ...76
Creating new graph by given threshold ... 115
Saving values for the given threshold ...72
Creating new graph by given threshold ... 116
Saving values for the given threshold ...79
Creating new graph by given threshold ... 117
Saving values for the given threshold ...75
Creating new graph by given threshold ... 118
Saving values for the given threshold ...74
Creating new graph by given threshold ... 119
Saving values for the given threshold ...73
Creating new graph by given threshold ... 120
Saving values for the given threshold ...80
Creating new graph by given threshold ... 121
Saving values for the given threshold ...81
Creating new graph by given threshold ... 122
Saving values for the given threshold ...82
Creating new graph by given threshold ... 123
Saving values for the given threshold ...84
Creating new graph by given threshold ... 124
Saving values for the given threshold ...83
Creating new graph by given threshold ... 125
Saving values for the given threshold ...85
Creating new graph by given threshold ... 126
Saving values for the given threshold ...86
Creating new graph by given threshold ... 127
Saving values for the given threshold ...87
Creating new graph by given threshold ... 128
Saving values for the given threshold ...88
Creating new graph by given threshold ... 129
Saving values for the given threshold ...91
Saving values for the given threshold ...89
Creating new graph by given threshold ... 130
Creating new graph by given threshold ... 131
Saving values for the given threshold ...90
Creating new graph by given threshold ... 132
Saving values for the given threshold ...93
Creating new graph by given threshold ... 133
Saving values for the given threshold ...92
Creating new graph by given threshold ... 134
Saving values for the given threshold ...94
Creating new graph by given threshold ... 135
Saving values for the given threshold ...95
Creating new graph by given threshold ... 136
Saving values for the given threshold ...97
Creating new graph by given threshold ... 137
Saving values for the given threshold ...96
Creating new graph by given threshold ... 138
Saving values for the given threshold ...98
Creating new graph by given threshold ... 139
Saving values for the given threshold ...103
Creating new graph by given threshold ... 140
Saving values for the given threshold ...101
Creating new graph by given threshold ... 143
Saving values for the given threshold ...102
Creating new graph by given threshold ... 144
Saving values for the given threshold ...99
Creating new graph by given threshold ... 145
Saving values for the given threshold ...100
Saving values for the given threshold ...106
Creating new graph by given threshold ... 146
Creating new graph by given threshold ... 147
Saving values for the given threshold ...110
Creating new graph by given threshold ... 148
Saving values for the given threshold ...111
Creating new graph by given threshold ... 149
Saving values for the given threshold ...105
Creating new graph by given threshold ... 150
Saving values for the given threshold ...112
Creating new graph by given threshold ... 151
Saving values for the given threshold ...115
Creating new graph by given threshold ... 152
Saving values for the given threshold ...104
Saving values for the given threshold ...109
Creating new graph by given threshold ... 153
Creating new graph by given threshold ... 154
Saving values for the given threshold ...113
Creating new graph by given threshold ... 155
Saving values for the given threshold ...116
Creating new graph by given threshold ... 156
Saving values for the given threshold ...108
Creating new graph by given threshold ... 157
Saving values for the given threshold ...117
Creating new graph by given threshold ... 158
Saving values for the given threshold ...114
Creating new graph by given threshold ... 159
Saving values for the given threshold ...120
Creating new graph by given threshold ... 160
Saving values for the given threshold ...118
Creating new graph by given threshold ... 163
Saving values for the given threshold ...119
Creating new graph by given threshold ... 164
Saving values for the given threshold ...121
Creating new graph by given threshold ... 165
Saving values for the given threshold ...122
Creating new graph by given threshold ... 167
Saving values for the given threshold ...124
Creating new graph by given threshold ... 168
Saving values for the given threshold ...125
Creating new graph by given threshold ... 169
Saving values for the given threshold ...123
Creating new graph by given threshold ... 170
Saving values for the given threshold ...126
Creating new graph by given threshold ... 171
Saving values for the given threshold ...129
Saving values for the given threshold ...127
Creating new graph by given threshold ... 172
Creating new graph by given threshold ... 173
Saving values for the given threshold ...135
Creating new graph by given threshold ... 175
Saving values for the given threshold ...128
Creating new graph by given threshold ... 176
Saving values for the given threshold ...131
Creating new graph by given threshold ... 177
Saving values for the given threshold ...132
Creating new graph by given threshold ... 178
Saving values for the given threshold ...130
Creating new graph by given threshold ... 179
Saving values for the given threshold ...138
Creating new graph by given threshold ... 180
Saving values for the given threshold ...133
Creating new graph by given threshold ... 181
Saving values for the given threshold ...134
Creating new graph by given threshold ... 182
Saving values for the given threshold ...137
Creating new graph by given threshold ... 183
Saving values for the given threshold ...139
Creating new graph by given threshold ... 185
Saving values for the given threshold ...147
Creating new graph by given threshold ... 186
Saving values for the given threshold ...136
Creating new graph by given threshold ... 187
Saving values for the given threshold ...140
Creating new graph by given threshold ... 188
Saving values for the given threshold ...148
Creating new graph by given threshold ... 189
Saving values for the given threshold ...145
Creating new graph by given threshold ... 190
Saving values for the given threshold ...143
Creating new graph by given threshold ... 191
Saving values for the given threshold ...150
Creating new graph by given threshold ... 192
Saving values for the given threshold ...146
Saving values for the given threshold ...157
Creating new graph by given threshold ... 193
Creating new graph by given threshold ... 194
Saving values for the given threshold ...144
Creating new graph by given threshold ... 195
Saving values for the given threshold ...149
Creating new graph by given threshold ... 196
Saving values for the given threshold ...151
Creating new graph by given threshold ... 197
Saving values for the given threshold ...153
Creating new graph by given threshold ... 198
Saving values for the given threshold ...165
Creating new graph by given threshold ... 199
Saving values for the given threshold ...154
Creating new graph by given threshold ... 200
Saving values for the given threshold ...156
Creating new graph by given threshold ... 201
Saving values for the given threshold ...152
Creating new graph by given threshold ... 203
Saving values for the given threshold ...158
Saving values for the given threshold ...155
Creating new graph by given threshold ... 204
Creating new graph by given threshold ... 206
Saving values for the given threshold ...163
Saving values for the given threshold ...159
Creating new graph by given threshold ... 207
Creating new graph by given threshold ... 208
Saving values for the given threshold ...160
Creating new graph by given threshold ... 210
Saving values for the given threshold ...164
Creating new graph by given threshold ... 211
Saving values for the given threshold ...167
Creating new graph by given threshold ... 212
Saving values for the given threshold ...169
Creating new graph by given threshold ... 213
Saving values for the given threshold ...168
Creating new graph by given threshold ... 215
Saving values for the given threshold ...170
Creating new graph by given threshold ... 216
Saving values for the given threshold ...171
Creating new graph by given threshold ... 218
Saving values for the given threshold ...172
Creating new graph by given threshold ... 219
Saving values for the given threshold ...173
Creating new graph by given threshold ... 220
Saving values for the given threshold ...177
Creating new graph by given threshold ... 221
Saving values for the given threshold ...175
Creating new graph by given threshold ... 222
Saving values for the given threshold ...181
Creating new graph by given threshold ... 224
Saving values for the given threshold ...176
Creating new graph by given threshold ... 225
Saving values for the given threshold ...180
Creating new graph by given threshold ... 226
Saving values for the given threshold ...179
Creating new graph by given threshold ... 227
Saving values for the given threshold ...178
Creating new graph by given threshold ... 230
Saving values for the given threshold ...182
Creating new graph by given threshold ... 231
Saving values for the given threshold ...183
Creating new graph by given threshold ... 232
Saving values for the given threshold ...187
Creating new graph by given threshold ... 233
Saving values for the given threshold ...185
Creating new graph by given threshold ... 234
Saving values for the given threshold ...188
Creating new graph by given threshold ... 235
Saving values for the given threshold ...190
Saving values for the given threshold ...186
Creating new graph by given threshold ... 236
Creating new graph by given threshold ... 237
Saving values for the given threshold ...191
Creating new graph by given threshold ... 239
Saving values for the given threshold ...198
Creating new graph by given threshold ... 241
Saving values for the given threshold ...194
Creating new graph by given threshold ... 242
Saving values for the given threshold ...193
Saving values for the given threshold ...192
Creating new graph by given threshold ... 243
Creating new graph by given threshold ... 245
Saving values for the given threshold ...189
Saving values for the given threshold ...206
Creating new graph by given threshold ... 246
Creating new graph by given threshold ... 247
Saving values for the given threshold ...197
Creating new graph by given threshold ... 248
Saving values for the given threshold ...200
Creating new graph by given threshold ... 249
Saving values for the given threshold ...196
Creating new graph by given threshold ... 251
Saving values for the given threshold ...201
Saving values for the given threshold ...195
Creating new graph by given threshold ... 252
Saving values for the given threshold ...199
Creating new graph by given threshold ... 253
Creating new graph by given threshold ... 255
Saving values for the given threshold ...203
Creating new graph by given threshold ... 256
Saving values for the given threshold ...204
Creating new graph by given threshold ... 257
Saving values for the given threshold ...208
Creating new graph by given threshold ... 258
Saving values for the given threshold ...207
Creating new graph by given threshold ... 259
Saving values for the given threshold ...211
Creating new graph by given threshold ... 261
Saving values for the given threshold ...210
Creating new graph by given threshold ... 262
Saving values for the given threshold ...212
Creating new graph by given threshold ... 263
Saving values for the given threshold ...213
Creating new graph by given threshold ... 265
Saving values for the given threshold ...215
Creating new graph by given threshold ... 267
Saving values for the given threshold ...216
Creating new graph by given threshold ... 268
Saving values for the given threshold ...219
Creating new graph by given threshold ... 269
Saving values for the given threshold ...218
Creating new graph by given threshold ... 270
Saving values for the given threshold ...221
Creating new graph by given threshold ... 271
Saving values for the given threshold ...220
Creating new graph by given threshold ... 272
Saving values for the given threshold ...224
Creating new graph by given threshold ... 274
Saving values for the given threshold ...222
Creating new graph by given threshold ... 276
Saving values for the given threshold ...225
Creating new graph by given threshold ... 277
Saving values for the given threshold ...231
Creating new graph by given threshold ... 278
Saving values for the given threshold ...242
Creating new graph by given threshold ... 281
Saving values for the given threshold ...226
Creating new graph by given threshold ... 282
Saving values for the given threshold ...227
Creating new graph by given threshold ... 286
Saving values for the given threshold ...241
Creating new graph by given threshold ... 289
Saving values for the given threshold ...230
Creating new graph by given threshold ... 290
Saving values for the given threshold ...234
Creating new graph by given threshold ... 291
Saving values for the given threshold ...232
Creating new graph by given threshold ... 292
Saving values for the given threshold ...239
Creating new graph by given threshold ... 293
Saving values for the given threshold ...251
Creating new graph by given threshold ... 295
Saving values for the given threshold ...245
Creating new graph by given threshold ... 296
Saving values for the given threshold ...236
Creating new graph by given threshold ... 297
Saving values for the given threshold ...233
Creating new graph by given threshold ... 299
Saving values for the given threshold ...243
Creating new graph by given threshold ... 300
Saving values for the given threshold ...235
Saving values for the given threshold ...253
Creating new graph by given threshold ... 301
Creating new graph by given threshold ... 302
Saving values for the given threshold ...248
Saving values for the given threshold ...237
Creating new graph by given threshold ... 303
Creating new graph by given threshold ... 307
Saving values for the given threshold ...249
Creating new graph by given threshold ... 310
Saving values for the given threshold ...246
Creating new graph by given threshold ... 311
Saving values for the given threshold ...255
Creating new graph by given threshold ... 312
Saving values for the given threshold ...247
Creating new graph by given threshold ... 316
Saving values for the given threshold ...256
Creating new graph by given threshold ... 317
Saving values for the given threshold ...252
Creating new graph by given threshold ... 318
Saving values for the given threshold ...261
Creating new graph by given threshold ... 319
Saving values for the given threshold ...257
Creating new graph by given threshold ... 320
Saving values for the given threshold ...258
Saving values for the given threshold ...259
Creating new graph by given threshold ... 328
Creating new graph by given threshold ... 329
Saving values for the given threshold ...262
Creating new graph by given threshold ... 335
Saving values for the given threshold ...263
Creating new graph by given threshold ... 337
Saving values for the given threshold ...265
Creating new graph by given threshold ... 338
Saving values for the given threshold ...267
Creating new graph by given threshold ... 340
Saving values for the given threshold ...268
Creating new graph by given threshold ... 341
Saving values for the given threshold ...269
Creating new graph by given threshold ... 342
Saving values for the given threshold ...270
Creating new graph by given threshold ... 345
Saving values for the given threshold ...274
Creating new graph by given threshold ... 351
Saving values for the given threshold ...276
Creating new graph by given threshold ... 353
Saving values for the given threshold ...272
Creating new graph by given threshold ... 358
Saving values for the given threshold ...271
Creating new graph by given threshold ... 364
Saving values for the given threshold ...277
Creating new graph by given threshold ... 366
Saving values for the given threshold ...289
Creating new graph by given threshold ... 367
Saving values for the given threshold ...282
Creating new graph by given threshold ... 368
Saving values for the given threshold ...291
Creating new graph by given threshold ... 369
Saving values for the given threshold ...292
Creating new graph by given threshold ... 381
Saving values for the given threshold ...290
Saving values for the given threshold ...278
Creating new graph by given threshold ... 384
Creating new graph by given threshold ... 387
Saving values for the given threshold ...281
Creating new graph by given threshold ... 389
Saving values for the given threshold ...286
Creating new graph by given threshold ... 390
Saving values for the given threshold ...303
Creating new graph by given threshold ... 394
Saving values for the given threshold ...295
Creating new graph by given threshold ... 396
Saving values for the given threshold ...296
Creating new graph by given threshold ... 398
Saving values for the given threshold ...302
Saving values for the given threshold ...300
Creating new graph by given threshold ... 399
Creating new graph by given threshold ... 402
Saving values for the given threshold ...297
Creating new graph by given threshold ... 406
Saving values for the given threshold ...293
Creating new graph by given threshold ... 407
Saving values for the given threshold ...316
Creating new graph by given threshold ... 410
Saving values for the given threshold ...307
Creating new graph by given threshold ... 413
Saving values for the given threshold ...310
Creating new graph by given threshold ... 418
Saving values for the given threshold ...301
Creating new graph by given threshold ... 420
Saving values for the given threshold ...299
Creating new graph by given threshold ... 426
Saving values for the given threshold ...312
Saving values for the given threshold ...317
Creating new graph by given threshold ... 428
Creating new graph by given threshold ... 445
Saving values for the given threshold ...319
Creating new graph by given threshold ... 447
Saving values for the given threshold ...311
Creating new graph by given threshold ... 448
Saving values for the given threshold ...318
Creating new graph by given threshold ... 451
Saving values for the given threshold ...320
Creating new graph by given threshold ... 452
Saving values for the given threshold ...328
Creating new graph by given threshold ... 462
Saving values for the given threshold ...335
Creating new graph by given threshold ... 466
Saving values for the given threshold ...329
Creating new graph by given threshold ... 476
Saving values for the given threshold ...337
Creating new graph by given threshold ... 486
Saving values for the given threshold ...338
Creating new graph by given threshold ... 495
Saving values for the given threshold ...341
Creating new graph by given threshold ... 497
Saving values for the given threshold ...340
Creating new graph by given threshold ... 499
Saving values for the given threshold ...351
Creating new graph by given threshold ... 500
Saving values for the given threshold ...342
Creating new graph by given threshold ... 511
Saving values for the given threshold ...353
Creating new graph by given threshold ... 516
Saving values for the given threshold ...345
Creating new graph by given threshold ... 517
Saving values for the given threshold ...364
Creating new graph by given threshold ... 520
Saving values for the given threshold ...358
Creating new graph by given threshold ... 534
Saving values for the given threshold ...367
Creating new graph by given threshold ... 538
Saving values for the given threshold ...368
Creating new graph by given threshold ... 543
Saving values for the given threshold ...389
Saving values for the given threshold ...394
Creating new graph by given threshold ... 548
Creating new graph by given threshold ... 551
Saving values for the given threshold ...366
Creating new graph by given threshold ... 556
Saving values for the given threshold ...381
Creating new graph by given threshold ... 559
Saving values for the given threshold ...369
Creating new graph by given threshold ... 564
Saving values for the given threshold ...406
Creating new graph by given threshold ... 567
Saving values for the given threshold ...387
Creating new graph by given threshold ... 568
Saving values for the given threshold ...428
Creating new graph by given threshold ... 571
Saving values for the given threshold ...447
Saving values for the given threshold ...418
Creating new graph by given threshold ... 573
Creating new graph by given threshold ... 577
Saving values for the given threshold ...399
Creating new graph by given threshold ... 582
Saving values for the given threshold ...398
Creating new graph by given threshold ... 583
Saving values for the given threshold ...402
Creating new graph by given threshold ... 585
Saving values for the given threshold ...384
Creating new graph by given threshold ... 586
Saving values for the given threshold ...390
Creating new graph by given threshold ... 591
Saving values for the given threshold ...413
Saving values for the given threshold ...426
Creating new graph by given threshold ... 593
Creating new graph by given threshold ... 596
Saving values for the given threshold ...451
Creating new graph by given threshold ... 601
Saving values for the given threshold ...396
Creating new graph by given threshold ... 608
Saving values for the given threshold ...410
Saving values for the given threshold ...407
Saving values for the given threshold ...445
Creating new graph by given threshold ... 618
Creating new graph by given threshold ... 619
Creating new graph by given threshold ... 627
Saving values for the given threshold ...420
Creating new graph by given threshold ... 631
Saving values for the given threshold ...448
Creating new graph by given threshold ... 632
Saving values for the given threshold ...462
Creating new graph by given threshold ... 635
Saving values for the given threshold ...466
Creating new graph by given threshold ... 638
Saving values for the given threshold ...452
Creating new graph by given threshold ... 646
Saving values for the given threshold ...476
Creating new graph by given threshold ... 648
Saving values for the given threshold ...486
Creating new graph by given threshold ... 654
Saving values for the given threshold ...495
Creating new graph by given threshold ... 661
Saving values for the given threshold ...511
Creating new graph by given threshold ... 674
Saving values for the given threshold ...497
Creating new graph by given threshold ... 677
Saving values for the given threshold ...499
Creating new graph by given threshold ... 679
Saving values for the given threshold ...500
Creating new graph by given threshold ... 695
Saving values for the given threshold ...517
Creating new graph by given threshold ... 699
Saving values for the given threshold ...516
Creating new graph by given threshold ... 700
Saving values for the given threshold ...538
Creating new graph by given threshold ... 702
Saving values for the given threshold ...520
Creating new graph by given threshold ... 708
Saving values for the given threshold ...564
Creating new graph by given threshold ... 710
Saving values for the given threshold ...534
Creating new graph by given threshold ... 711
Saving values for the given threshold ...543
Creating new graph by given threshold ... 713
Saving values for the given threshold ...548
Creating new graph by given threshold ... 715
Saving values for the given threshold ...551
Creating new graph by given threshold ... 716
Saving values for the given threshold ...556
Creating new graph by given threshold ... 723
Saving values for the given threshold ...567
Creating new graph by given threshold ... 732
Saving values for the given threshold ...559
Creating new graph by given threshold ... 739
Saving values for the given threshold ...568
Creating new graph by given threshold ... 740
Saving values for the given threshold ...596
Creating new graph by given threshold ... 744
Saving values for the given threshold ...573
Creating new graph by given threshold ... 745
Saving values for the given threshold ...582
Creating new graph by given threshold ... 759
Saving values for the given threshold ...585
Creating new graph by given threshold ... 766
Saving values for the given threshold ...591
Creating new graph by given threshold ... 769
Saving values for the given threshold ...593
Creating new graph by given threshold ... 770
Saving values for the given threshold ...577
Creating new graph by given threshold ... 825
Saving values for the given threshold ...583
Creating new graph by given threshold ... 839
Saving values for the given threshold ...571
Creating new graph by given threshold ... 841
Saving values for the given threshold ...608
Saving values for the given threshold ...586
Creating new graph by given threshold ... 850
Creating new graph by given threshold ... 853
Saving values for the given threshold ...618
Creating new graph by given threshold ... 854
Saving values for the given threshold ...619
Creating new graph by given threshold ... 871
Saving values for the given threshold ...601
Creating new graph by given threshold ... 924
Saving values for the given threshold ...635
Creating new graph by given threshold ... 927
Saving values for the given threshold ...632
Creating new graph by given threshold ... 937
Saving values for the given threshold ...627
Creating new graph by given threshold ... 956
Saving values for the given threshold ...631
Creating new graph by given threshold ... 959
Saving values for the given threshold ...638
Creating new graph by given threshold ... 970
Saving values for the given threshold ...646
Creating new graph by given threshold ... 985
Saving values for the given threshold ...648
Creating new graph by given threshold ... 1062
Saving values for the given threshold ...654
Creating new graph by given threshold ... 1086
Saving values for the given threshold ...661
Creating new graph by given threshold ... 1126
Saving values for the given threshold ...674
Creating new graph by given threshold ... 1490
Saving values for the given threshold ...679
Creating new graph by given threshold ... 1559
Saving values for the given threshold ...677
Creating new graph by given threshold ... 1807
Saving values for the given threshold ...700
Creating new graph by given threshold ... 2034
Saving values for the given threshold ...695
Creating new graph by given threshold ... 2049
Saving values for the given threshold ...699
Saving values for the given threshold ...723
Saving values for the given threshold ...702
Saving values for the given threshold ...708
Saving values for the given threshold ...716
Saving values for the given threshold ...711
Saving values for the given threshold ...710
Saving values for the given threshold ...715
Saving values for the given threshold ...713
Saving values for the given threshold ...766
Saving values for the given threshold ...732
Saving values for the given threshold ...740
Saving values for the given threshold ...759
Saving values for the given threshold ...850
Saving values for the given threshold ...739
Saving values for the given threshold ...745
Saving values for the given threshold ...744
Saving values for the given threshold ...871
Saving values for the given threshold ...769
Saving values for the given threshold ...825
Saving values for the given threshold ...770
Saving values for the given threshold ...841
Saving values for the given threshold ...853
Saving values for the given threshold ...839
Saving values for the given threshold ...854
Saving values for the given threshold ...937
Saving values for the given threshold ...924
Saving values for the given threshold ...956
Saving values for the given threshold ...970
Saving values for the given threshold ...985
Saving values for the given threshold ...959
Saving values for the given threshold ...927
Saving values for the given threshold ...1062
Saving values for the given threshold ...1086
Saving values for the given threshold ...1126
Saving values for the given threshold ...1559
Saving values for the given threshold ...1490
Saving values for the given threshold ...1807
Complete
total time (s)= 20468.420409679413
